Arguments: 
  /home/jovi/.nvm/versions/node/v14.21.3/bin/node /usr/bin/yarn install

PATH: 
  /home/jovi/.vscode-server/bin/441438abd1ac652551dbe4d408dfcec8a499b8bf/bin/remote-cli:/home/linuxbrew/.linuxbrew/bin:/home/linuxbrew/.linuxbrew/sbin:/home/jovi/.local/bin:/home/jovi/bin:/home/jovi/.nvm/versions/node/v14.21.3/bin:/home/jovi/.cargo/bin:/usr/local/sbin:/usr/local/bin:/usr/sbin:/usr/bin:/sbin:/bin:/usr/games:/usr/local/games:/usr/lib/wsl/lib:/mnt/c/Program Files (x86)/VMware/VMware Player/bin/:/mnt/c/Program Files/Eclipse Adoptium/jdk-11.0.15.10-hotspot/bin:/mnt/c/Python310/Scripts/:/mnt/c/Python310/:/mnt/c/Windows/system32:/mnt/c/Windows:/mnt/c/Windows/System32/Wbem:/mnt/c/Windows/System32/WindowsPowerShell/v1.0/:/mnt/c/Windows/System32/OpenSSH/:/mnt/c/Program Files (x86)/NVIDIA Corporation/PhysX/Common:/mnt/c/Program Files/NVIDIA Corporation/NVIDIA NvDLISR:/mnt/c/WINDOWS/system32:/mnt/c/WINDOWS:/mnt/c/WINDOWS/System32/Wbem:/mnt/c/WINDOWS/System32/WindowsPowerShell/v1.0/:/mnt/c/WINDOWS/System32/OpenSSH/:/mnt/c/Program Files/dotnet/:/mnt/c/ProgramData/chocolatey/bin:/mnt/c/Program Files/Go/bin:/mnt/c/Program Files/Docker/Docker/resources/bin:/mnt/c/ProgramData/DockerDesktop/version-bin:/mnt/c/Program Files/doctl/:/mnt/c/TDM-GCC-64/bin:/mnt/c/Program Files/Wolfram Research/WolframScript/:/mnt/c/Program Files/Git/cmd:/mnt/c/Program Files/PowerShell/7/:/mnt/c/WINDOWS/system32:/mnt/c/WINDOWS:/mnt/c/WINDOWS/System32/Wbem:/mnt/c/WINDOWS/System32/WindowsPowerShell/v1.0/:/mnt/c/WINDOWS/System32/OpenSSH/:/mnt/c/Program Files/nodejs/:/mnt/c/Users/Freir/.local/share/solana/install/active_release/bin:/mnt/c/Users/Freir/scoop/shims:/mnt/c/Users/Freir/.cargo/bin:/mnt/c/Users/Freir/AppData/Local/Microsoft/WindowsApps:/mnt/c/Users/Freir/AppData/Local/Programs/Microsoft VS Code/bin:/mnt/c/Users/Freir/AppData/Local/GitHubDesktop/bin:/mnt/c/users/freir/.local/bin:/mnt/c/users/freir/appdata/roaming/python/python310/scripts:/mnt/c/Users/Freir/go/bin:/mnt/c/Users/Freir/AppData/Local/Programs/mongosh/:/mnt/c/Program Files/MongoDB/Server/5.0/bin:/mnt/c/Users/Freir/AppData/Local/Google/Cloud SDK/google-cloud-sdk/bin:/mnt/c/Users/Freir/AppData/Local/Microsoft/WindowsApps:/mnt/c/Users/Freir/AppData/Roaming/npm:/snap/bin:/home/jovi/.foundry/bin:/usr/local/go/bin:/home/jovi/.foundry/bin

Yarn version: 
  1.22.19

Node version: 
  14.21.3

Platform: 
  linux x64

Trace: 
  SyntaxError: /home/jovi/jblockdice/package.json: Unexpected token } in JSON at position 1353
      at JSON.parse (<anonymous>)
      at /usr/lib/node_modules/yarn/lib/cli.js:1629:59
      at Generator.next (<anonymous>)
      at step (/usr/lib/node_modules/yarn/lib/cli.js:310:30)
      at /usr/lib/node_modules/yarn/lib/cli.js:321:13

npm manifest: 
  {
      "scripts": {
          "test": "echo \"Error: no test specified\" && exit 1",
          "slither": "pip3 tools/slither.py"
      },
      "dependencies": {
          "@babel/eslint-parser": "^7.5.4",
          "@chainlink/contracts": "^0.6.0",
          "@ethersproject/abi": "^5.7.0",
          "@ethersproject/providers": "^5.7.2",
          "@nomicfoundation/hardhat-chai-matchers": "^1.0.5",
          "@nomicfoundation/hardhat-network-helpers": "^1.0.7",
          "@nomicfoundation/hardhat-toolbox": "^2.0.1",
          "@nomiclabs/hardhat-ethers": "^2.2.2",
          "@nomiclabs/hardhat-etherscan": "^3.1.5",
          "@nomiclabs/hardhat-truffle5": "^2.0.7",
          "@nomiclabs/hardhat-web3": "^2.0.0",
          "@openzeppelin/contracts": "^4.8.1",
          "@openzeppelin/contracts-upgradeable": "^4.8.1",
          "@typechain/ethers-v5": "^10.2.0",
          "@typechain/hardhat": "^6.1.5",
          "@types/mocha": "^10.0.1",
          "chai": "^4.3.7",
          "dotenv": "^16.0.3",
          "erc721a-upgradeable": "^4.2.3",
          "ethers": "^5.7.2",
          "hardhat": "^2.12.6",
          "hardhat-gas-reporter": "^1.0.9",
          "ipfs-http-client": "^60.0.0",
          "mocha": "^10.2.0",
          "openzeppelin-solidity": "^3.4.2",
          "solidity-coverage": "^0.8.2",
          "ts-node": "^10.9.1",
          "typechain": "^8.1.1",
          "typescript": "^4.9.5",
      },
      "devDependencies": {
          "node-fetch": "^2.6.7"
      }
  }

yarn manifest: 
  No manifest

Lockfile: 
  No lockfile
